[2024-03-28 20:00:20] local.ERROR: SQLSTATE[42S02]: Base table or view not found: 1146 Table 'dde.sessions' doesn't exist (Connection: mysql, SQL: select * from `sessions` where `id` = pzf8PwKTJZxDNBMeSpLzK8rmbJN8lS73XiTLpdMH limit 1) {"exception":"[object] (Illuminate\\Database\\QueryException(code: 42S02): SQLSTATE[42S02]: Base table or view not found: 1146 Table 'dde.sessions' doesn't exist (Connection: mysql, SQL: select * from `sessions` where `id` = pzf8PwKTJZxDNBMeSpLzK8rmbJN8lS73XiTLpdMH limit 1) at /home/lesly.alvarado/Documentos/IncorporacionBackend/vendor/laravel/framework/src/Illuminate/Database/Connection.php:813)
[stacktrace]
#0 /home/lesly.alvarado/Documentos/IncorporacionBackend/vendor/laravel/framework/src/Illuminate/Database/Connection.php(767): Illuminate\\Database\\Connection->runQueryCallback()
#1 /home/lesly.alvarado/Documentos/IncorporacionBackend/vendor/laravel/framework/src/Illuminate/Database/Connection.php(398): Illuminate\\Database\\Connection->run()
#2 /home/lesly.alvarado/Documentos/IncorporacionBackend/vendor/laravel/framework/src/Illuminate/Database/Query/Builder.php(2898): Illuminate\\Database\\Connection->select()
#3 /home/lesly.alvarado/Documentos/IncorporacionBackend/vendor/laravel/framework/src/Illuminate/Database/Query/Builder.php(2883): Illuminate\\Database\\Query\\Builder->runSelect()
#4 /home/lesly.alvarado/Documentos/IncorporacionBackend/vendor/laravel/framework/src/Illuminate/Database/Query/Builder.php(3467): Illuminate\\Database\\Query\\Builder->Illuminate\\Database\\Query\\{closure}()
#5 /home/lesly.alvarado/Documentos/IncorporacionBackend/vendor/laravel/framework/src/Illuminate/Database/Query/Builder.php(2882): Illuminate\\Database\\Query\\Builder->onceWithColumns()
#6 /home/lesly.alvarado/Documentos/IncorporacionBackend/vendor/laravel/framework/src/Illuminate/Database/Concerns/BuildsQueries.php(333): Illuminate\\Database\\Query\\Builder->get()
#7 /home/lesly.alvarado/Documentos/IncorporacionBackend/vendor/laravel/framework/src/Illuminate/Database/Query/Builder.php(2805): Illuminate\\Database\\Query\\Builder->first()
#8 /home/lesly.alvarado/Documentos/IncorporacionBackend/vendor/laravel/framework/src/Illuminate/Session/DatabaseSessionHandler.php(97): Illuminate\\Database\\Query\\Builder->find()
#9 /home/lesly.alvarado/Documentos/IncorporacionBackend/vendor/laravel/framework/src/Illuminate/Session/Store.php(113): Illuminate\\Session\\DatabaseSessionHandler->read()
#10 /home/lesly.alvarado/Documentos/IncorporacionBackend/vendor/laravel/framework/src/Illuminate/Session/Store.php(101): Illuminate\\Session\\Store->readFromHandler()
#11 /home/lesly.alvarado/Documentos/IncorporacionBackend/vendor/laravel/framework/src/Illuminate/Session/Store.php(85): Illuminate\\Session\\Store->loadSession()
#12 /home/lesly.alvarado/Documentos/IncorporacionBackend/vendor/laravel/framework/src/Illuminate/Session/Middleware/StartSession.php(147): Illuminate\\Session\\Store->start()
#13 /home/lesly.alvarado/Documentos/IncorporacionBackend/vendor/laravel/framework/src/Illuminate/Support/helpers.php(345): Illuminate\\Session\\Middleware\\StartSession->Illuminate\\Session\\Middleware\\{closure}()
#14 /home/lesly.alvarado/Documentos/IncorporacionBackend/vendor/laravel/framework/src/Illuminate/Session/Middleware/StartSession.php(144): tap()
#15 /home/lesly.alvarado/Documentos/IncorporacionBackend/vendor/laravel/framework/src/Illuminate/Session/Middleware/StartSession.php(116): Illuminate\\Session\\Middleware\\StartSession->startSession()
#16 /home/lesly.alvarado/Documentos/IncorporacionBackend/vendor/laravel/framework/src/Illuminate/Session/Middleware/StartSession.php(64): Illuminate\\Session\\Middleware\\StartSession->handleStatefulRequest()
#17 /home/lesly.alvarado/Documentos/IncorporacionBackend/vendor/laravel/framework/src/Illuminate/Pipeline/Pipeline.php(183): Illuminate\\Session\\Middleware\\StartSession->handle()
#18 /home/lesly.alvarado/Documentos/IncorporacionBackend/vendor/laravel/framework/src/Illuminate/Cookie/Middleware/AddQueuedCookiesToResponse.php(37): Illuminate\\Pipeline\\Pipeline->Illuminate\\Pipeline\\{closure}()
#19 /home/lesly.alvarado/Documentos/IncorporacionBackend/vendor/laravel/framework/src/Illuminate/Pipeline/Pipeline.php(183): Illuminate\\Cookie\\Middleware\\AddQueuedCookiesToResponse->handle()
#20 /home/lesly.alvarado/Documentos/IncorporacionBackend/vendor/laravel/framework/src/Illuminate/Cookie/Middleware/EncryptCookies.php(75): Illuminate\\Pipeline\\Pipeline->Illuminate\\Pipeline\\{closure}()
#21 /home/lesly.alvarado/Documentos/IncorporacionBackend/vendor/laravel/framework/src/Illuminate/Pipeline/Pipeline.php(183): Illuminate\\Cookie\\Middleware\\EncryptCookies->handle()
#22 /home/lesly.alvarado/Documentos/IncorporacionBackend/vendor/laravel/framework/src/Illuminate/Pipeline/Pipeline.php(119): Illuminate\\Pipeline\\Pipeline->Illuminate\\Pipeline\\{closure}()
#23 /home/lesly.alvarado/Documentos/IncorporacionBackend/vendor/laravel/framework/src/Illuminate/Routing/Router.php(805): Illuminate\\Pipeline\\Pipeline->then()
#24 /home/lesly.alvarado/Documentos/IncorporacionBackend/vendor/laravel/framework/src/Illuminate/Routing/Router.php(784): Illuminate\\Routing\\Router->runRouteWithinStack()
#25 /home/lesly.alvarado/Documentos/IncorporacionBackend/vendor/laravel/framework/src/Illuminate/Routing/Router.php(748): Illuminate\\Routing\\Router->runRoute()
#26 /home/lesly.alvarado/Documentos/IncorporacionBackend/vendor/laravel/framework/src/Illuminate/Routing/Router.php(737): Illuminate\\Routing\\Router->dispatchToRoute()
#27 /home/lesly.alvarado/Documentos/IncorporacionBackend/vendor/laravel/framework/src/Illuminate/Foundation/Http/Kernel.php(200): Illuminate\\Routing\\Router->dispatch()
#28 /home/lesly.alvarado/Documentos/IncorporacionBackend/vendor/laravel/framework/src/Illuminate/Pipeline/Pipeline.php(144): Illuminate\\Foundation\\Http\\Kernel->Illuminate\\Foundation\\Http\\{closure}()
#29 /home/lesly.alvarado/Documentos/IncorporacionBackend/vendor/laravel/framework/src/Illuminate/Foundation/Http/Middleware/TransformsRequest.php(21): Illuminate\\Pipeline\\Pipeline->Illuminate\\Pipeline\\{closure}()
#30 /home/lesly.alvarado/Documentos/IncorporacionBackend/vendor/laravel/framework/src/Illuminate/Foundation/Http/Middleware/ConvertEmptyStringsToNull.php(31): Illuminate\\Foundation\\Http\\Middleware\\TransformsRequest->handle()
#31 /home/lesly.alvarado/Documentos/IncorporacionBackend/vendor/laravel/framework/src/Illuminate/Pipeline/Pipeline.php(183): Illuminate\\Foundation\\Http\\Middleware\\ConvertEmptyStringsToNull->handle()
#32 /home/lesly.alvarado/Documentos/IncorporacionBackend/vendor/laravel/framework/src/Illuminate/Foundation/Http/Middleware/TransformsRequest.php(21): Illuminate\\Pipeline\\Pipeline->Illuminate\\Pipeline\\{closure}()
#33 /home/lesly.alvarado/Documentos/IncorporacionBackend/vendor/laravel/framework/src/Illuminate/Foundation/Http/Middleware/TrimStrings.php(50): Illuminate\\Foundation\\Http\\Middleware\\TransformsRequest->handle()
#34 /home/lesly.alvarado/Documentos/IncorporacionBackend/vendor/laravel/framework/src/Illuminate/Pipeline/Pipeline.php(183): Illuminate\\Foundation\\Http\\Middleware\\TrimStrings->handle()
#35 /home/lesly.alvarado/Documentos/IncorporacionBackend/vendor/laravel/framework/src/Illuminate/Http/Middleware/ValidatePostSize.php(27): Illuminate\\Pipeline\\Pipeline->Illuminate\\Pipeline\\{closure}()
#36 /home/lesly.alvarado/Documentos/IncorporacionBackend/vendor/laravel/framework/src/Illuminate/Pipeline/Pipeline.php(183): Illuminate\\Http\\Middleware\\ValidatePostSize->handle()
#37 /home/lesly.alvarado/Documentos/IncorporacionBackend/vendor/laravel/framework/src/Illuminate/Foundation/Http/Middleware/PreventRequestsDuringMaintenance.php(103): Illuminate\\Pipeline\\Pipeline->Illuminate\\Pipeline\\{closure}()
#38 /home/lesly.alvarado/Documentos/IncorporacionBackend/vendor/laravel/framework/src/Illuminate/Pipeline/Pipeline.php(183): Illuminate\\Foundation\\Http\\Middleware\\PreventRequestsDuringMaintenance->handle()
#39 /home/lesly.alvarado/Documentos/IncorporacionBackend/vendor/laravel/framework/src/Illuminate/Http/Middleware/HandleCors.php(49): Illuminate\\Pipeline\\Pipeline->Illuminate\\Pipeline\\{closure}()
#40 /home/lesly.alvarado/Documentos/IncorporacionBackend/vendor/laravel/framework/src/Illuminate/Pipeline/Pipeline.php(183): Illuminate\\Http\\Middleware\\HandleCors->handle()
#41 /home/lesly.alvarado/Documentos/IncorporacionBackend/vendor/laravel/framework/src/Illuminate/Http/Middleware/TrustProxies.php(57): Illuminate\\Pipeline\\Pipeline->Illuminate\\Pipeline\\{closure}()
#42 /home/lesly.alvarado/Documentos/IncorporacionBackend/vendor/laravel/framework/src/Illuminate/Pipeline/Pipeline.php(183): Illuminate\\Http\\Middleware\\TrustProxies->handle()
#43 /home/lesly.alvarado/Documentos/IncorporacionBackend/vendor/laravel/framework/src/Illuminate/Pipeline/Pipeline.php(119): Illuminate\\Pipeline\\Pipeline->Illuminate\\Pipeline\\{closure}()
#44 /home/lesly.alvarado/Documentos/IncorporacionBackend/vendor/laravel/framework/src/Illuminate/Foundation/Http/Kernel.php(175): Illuminate\\Pipeline\\Pipeline->then()
#45 /home/lesly.alvarado/Documentos/IncorporacionBackend/vendor/laravel/framework/src/Illuminate/Foundation/Http/Kernel.php(144): Illuminate\\Foundation\\Http\\Kernel->sendRequestThroughRouter()
#46 /home/lesly.alvarado/Documentos/IncorporacionBackend/vendor/laravel/framework/src/Illuminate/Foundation/Application.php(1168): Illuminate\\Foundation\\Http\\Kernel->handle()
#47 /home/lesly.alvarado/Documentos/IncorporacionBackend/public/index.php(17): Illuminate\\Foundation\\Application->handleRequest()
#48 /home/lesly.alvarado/Documentos/IncorporacionBackend/vendor/laravel/framework/src/Illuminate/Foundation/resources/server.php(16): require_once('...')
#49 {main}

[previous exception] [object] (PDOException(code: 42S02): SQLSTATE[42S02]: Base table or view not found: 1146 Table 'dde.sessions' doesn't exist at /home/lesly.alvarado/Documentos/IncorporacionBackend/vendor/laravel/framework/src/Illuminate/Database/Connection.php:407)
[stacktrace]
#0 /home/lesly.alvarado/Documentos/IncorporacionBackend/vendor/laravel/framework/src/Illuminate/Database/Connection.php(407): PDO->prepare()
#1 /home/lesly.alvarado/Documentos/IncorporacionBackend/vendor/laravel/framework/src/Illuminate/Database/Connection.php(800): Illuminate\\Database\\Connection->Illuminate\\Database\\{closure}()
#2 /home/lesly.alvarado/Documentos/IncorporacionBackend/vendor/laravel/framework/src/Illuminate/Database/Connection.php(767): Illuminate\\Database\\Connection->runQueryCallback()
#3 /home/lesly.alvarado/Documentos/IncorporacionBackend/vendor/laravel/framework/src/Illuminate/Database/Connection.php(398): Illuminate\\Database\\Connection->run()
#4 /home/lesly.alvarado/Documentos/IncorporacionBackend/vendor/laravel/framework/src/Illuminate/Database/Query/Builder.php(2898): Illuminate\\Database\\Connection->select()
#5 /home/lesly.alvarado/Documentos/IncorporacionBackend/vendor/laravel/framework/src/Illuminate/Database/Query/Builder.php(2883): Illuminate\\Database\\Query\\Builder->runSelect()
#6 /home/lesly.alvarado/Documentos/IncorporacionBackend/vendor/laravel/framework/src/Illuminate/Database/Query/Builder.php(3467): Illuminate\\Database\\Query\\Builder->Illuminate\\Database\\Query\\{closure}()
#7 /home/lesly.alvarado/Documentos/IncorporacionBackend/vendor/laravel/framework/src/Illuminate/Database/Query/Builder.php(2882): Illuminate\\Database\\Query\\Builder->onceWithColumns()
#8 /home/lesly.alvarado/Documentos/IncorporacionBackend/vendor/laravel/framework/src/Illuminate/Database/Concerns/BuildsQueries.php(333): Illuminate\\Database\\Query\\Builder->get()
#9 /home/lesly.alvarado/Documentos/IncorporacionBackend/vendor/laravel/framework/src/Illuminate/Database/Query/Builder.php(2805): Illuminate\\Database\\Query\\Builder->first()
#10 /home/lesly.alvarado/Documentos/IncorporacionBackend/vendor/laravel/framework/src/Illuminate/Session/DatabaseSessionHandler.php(97): Illuminate\\Database\\Query\\Builder->find()
#11 /home/lesly.alvarado/Documentos/IncorporacionBackend/vendor/laravel/framework/src/Illuminate/Session/Store.php(113): Illuminate\\Session\\DatabaseSessionHandler->read()
#12 /home/lesly.alvarado/Documentos/IncorporacionBackend/vendor/laravel/framework/src/Illuminate/Session/Store.php(101): Illuminate\\Session\\Store->readFromHandler()
#13 /home/lesly.alvarado/Documentos/IncorporacionBackend/vendor/laravel/framework/src/Illuminate/Session/Store.php(85): Illuminate\\Session\\Store->loadSession()
#14 /home/lesly.alvarado/Documentos/IncorporacionBackend/vendor/laravel/framework/src/Illuminate/Session/Middleware/StartSession.php(147): Illuminate\\Session\\Store->start()
#15 /home/lesly.alvarado/Documentos/IncorporacionBackend/vendor/laravel/framework/src/Illuminate/Support/helpers.php(345): Illuminate\\Session\\Middleware\\StartSession->Illuminate\\Session\\Middleware\\{closure}()
#16 /home/lesly.alvarado/Documentos/IncorporacionBackend/vendor/laravel/framework/src/Illuminate/Session/Middleware/StartSession.php(144): tap()
#17 /home/lesly.alvarado/Documentos/IncorporacionBackend/vendor/laravel/framework/src/Illuminate/Session/Middleware/StartSession.php(116): Illuminate\\Session\\Middleware\\StartSession->startSession()
#18 /home/lesly.alvarado/Documentos/IncorporacionBackend/vendor/laravel/framework/src/Illuminate/Session/Middleware/StartSession.php(64): Illuminate\\Session\\Middleware\\StartSession->handleStatefulRequest()
#19 /home/lesly.alvarado/Documentos/IncorporacionBackend/vendor/laravel/framework/src/Illuminate/Pipeline/Pipeline.php(183): Illuminate\\Session\\Middleware\\StartSession->handle()
#20 /home/lesly.alvarado/Documentos/IncorporacionBackend/vendor/laravel/framework/src/Illuminate/Cookie/Middleware/AddQueuedCookiesToResponse.php(37): Illuminate\\Pipeline\\Pipeline->Illuminate\\Pipeline\\{closure}()
#21 /home/lesly.alvarado/Documentos/IncorporacionBackend/vendor/laravel/framework/src/Illuminate/Pipeline/Pipeline.php(183): Illuminate\\Cookie\\Middleware\\AddQueuedCookiesToResponse->handle()
#22 /home/lesly.alvarado/Documentos/IncorporacionBackend/vendor/laravel/framework/src/Illuminate/Cookie/Middleware/EncryptCookies.php(75): Illuminate\\Pipeline\\Pipeline->Illuminate\\Pipeline\\{closure}()
#23 /home/lesly.alvarado/Documentos/IncorporacionBackend/vendor/laravel/framework/src/Illuminate/Pipeline/Pipeline.php(183): Illuminate\\Cookie\\Middleware\\EncryptCookies->handle()
#24 /home/lesly.alvarado/Documentos/IncorporacionBackend/vendor/laravel/framework/src/Illuminate/Pipeline/Pipeline.php(119): Illuminate\\Pipeline\\Pipeline->Illuminate\\Pipeline\\{closure}()
#25 /home/lesly.alvarado/Documentos/IncorporacionBackend/vendor/laravel/framework/src/Illuminate/Routing/Router.php(805): Illuminate\\Pipeline\\Pipeline->then()
#26 /home/lesly.alvarado/Documentos/IncorporacionBackend/vendor/laravel/framework/src/Illuminate/Routing/Router.php(784): Illuminate\\Routing\\Router->runRouteWithinStack()
#27 /home/lesly.alvarado/Documentos/IncorporacionBackend/vendor/laravel/framework/src/Illuminate/Routing/Router.php(748): Illuminate\\Routing\\Router->runRoute()
#28 /home/lesly.alvarado/Documentos/IncorporacionBackend/vendor/laravel/framework/src/Illuminate/Routing/Router.php(737): Illuminate\\Routing\\Router->dispatchToRoute()
#29 /home/lesly.alvarado/Documentos/IncorporacionBackend/vendor/laravel/framework/src/Illuminate/Foundation/Http/Kernel.php(200): Illuminate\\Routing\\Router->dispatch()
#30 /home/lesly.alvarado/Documentos/IncorporacionBackend/vendor/laravel/framework/src/Illuminate/Pipeline/Pipeline.php(144): Illuminate\\Foundation\\Http\\Kernel->Illuminate\\Foundation\\Http\\{closure}()
#31 /home/lesly.alvarado/Documentos/IncorporacionBackend/vendor/laravel/framework/src/Illuminate/Foundation/Http/Middleware/TransformsRequest.php(21): Illuminate\\Pipeline\\Pipeline->Illuminate\\Pipeline\\{closure}()
#32 /home/lesly.alvarado/Documentos/IncorporacionBackend/vendor/laravel/framework/src/Illuminate/Foundation/Http/Middleware/ConvertEmptyStringsToNull.php(31): Illuminate\\Foundation\\Http\\Middleware\\TransformsRequest->handle()
#33 /home/lesly.alvarado/Documentos/IncorporacionBackend/vendor/laravel/framework/src/Illuminate/Pipeline/Pipeline.php(183): Illuminate\\Foundation\\Http\\Middleware\\ConvertEmptyStringsToNull->handle()
#34 /home/lesly.alvarado/Documentos/IncorporacionBackend/vendor/laravel/framework/src/Illuminate/Foundation/Http/Middleware/TransformsRequest.php(21): Illuminate\\Pipeline\\Pipeline->Illuminate\\Pipeline\\{closure}()
#35 /home/lesly.alvarado/Documentos/IncorporacionBackend/vendor/laravel/framework/src/Illuminate/Foundation/Http/Middleware/TrimStrings.php(50): Illuminate\\Foundation\\Http\\Middleware\\TransformsRequest->handle()
#36 /home/lesly.alvarado/Documentos/IncorporacionBackend/vendor/laravel/framework/src/Illuminate/Pipeline/Pipeline.php(183): Illuminate\\Foundation\\Http\\Middleware\\TrimStrings->handle()
#37 /home/lesly.alvarado/Documentos/IncorporacionBackend/vendor/laravel/framework/src/Illuminate/Http/Middleware/ValidatePostSize.php(27): Illuminate\\Pipeline\\Pipeline->Illuminate\\Pipeline\\{closure}()
#38 /home/lesly.alvarado/Documentos/IncorporacionBackend/vendor/laravel/framework/src/Illuminate/Pipeline/Pipeline.php(183): Illuminate\\Http\\Middleware\\ValidatePostSize->handle()
#39 /home/lesly.alvarado/Documentos/IncorporacionBackend/vendor/laravel/framework/src/Illuminate/Foundation/Http/Middleware/PreventRequestsDuringMaintenance.php(103): Illuminate\\Pipeline\\Pipeline->Illuminate\\Pipeline\\{closure}()
#40 /home/lesly.alvarado/Documentos/IncorporacionBackend/vendor/laravel/framework/src/Illuminate/Pipeline/Pipeline.php(183): Illuminate\\Foundation\\Http\\Middleware\\PreventRequestsDuringMaintenance->handle()
#41 /home/lesly.alvarado/Documentos/IncorporacionBackend/vendor/laravel/framework/src/Illuminate/Http/Middleware/HandleCors.php(49): Illuminate\\Pipeline\\Pipeline->Illuminate\\Pipeline\\{closure}()
#42 /home/lesly.alvarado/Documentos/IncorporacionBackend/vendor/laravel/framework/src/Illuminate/Pipeline/Pipeline.php(183): Illuminate\\Http\\Middleware\\HandleCors->handle()
#43 /home/lesly.alvarado/Documentos/IncorporacionBackend/vendor/laravel/framework/src/Illuminate/Http/Middleware/TrustProxies.php(57): Illuminate\\Pipeline\\Pipeline->Illuminate\\Pipeline\\{closure}()
#44 /home/lesly.alvarado/Documentos/IncorporacionBackend/vendor/laravel/framework/src/Illuminate/Pipeline/Pipeline.php(183): Illuminate\\Http\\Middleware\\TrustProxies->handle()
#45 /home/lesly.alvarado/Documentos/IncorporacionBackend/vendor/laravel/framework/src/Illuminate/Pipeline/Pipeline.php(119): Illuminate\\Pipeline\\Pipeline->Illuminate\\Pipeline\\{closure}()
#46 /home/lesly.alvarado/Documentos/IncorporacionBackend/vendor/laravel/framework/src/Illuminate/Foundation/Http/Kernel.php(175): Illuminate\\Pipeline\\Pipeline->then()
#47 /home/lesly.alvarado/Documentos/IncorporacionBackend/vendor/laravel/framework/src/Illuminate/Foundation/Http/Kernel.php(144): Illuminate\\Foundation\\Http\\Kernel->sendRequestThroughRouter()
#48 /home/lesly.alvarado/Documentos/IncorporacionBackend/vendor/laravel/framework/src/Illuminate/Foundation/Application.php(1168): Illuminate\\Foundation\\Http\\Kernel->handle()
#49 /home/lesly.alvarado/Documentos/IncorporacionBackend/public/index.php(17): Illuminate\\Foundation\\Application->handleRequest()
#50 /home/lesly.alvarado/Documentos/IncorporacionBackend/vendor/laravel/framework/src/Illuminate/Foundation/resources/server.php(16): require_once('...')
#51 {main}
"} 
[2024-03-28 20:05:19] local.ERROR: SQLSTATE[HY000]: General error: 1005 Can't create table `dde`.`logs_acciones_usuarios` (errno: 150 "Foreign key constraint is incorrectly formed") (Connection: mysql, SQL: alter table `logs_acciones_usuarios` add constraint `logs_acciones_usuarios_usuario_id_foreign` foreign key (`usuario_id`) references `users` (`id`)) {"exception":"[object] (Illuminate\\Database\\QueryException(code: HY000): SQLSTATE[HY000]: General error: 1005 Can't create table `dde`.`logs_acciones_usuarios` (errno: 150 \"Foreign key constraint is incorrectly formed\") (Connection: mysql, SQL: alter table `logs_acciones_usuarios` add constraint `logs_acciones_usuarios_usuario_id_foreign` foreign key (`usuario_id`) references `users` (`id`)) at /home/lesly.alvarado/Documentos/IncorporacionBackend/vendor/laravel/framework/src/Illuminate/Database/Connection.php:813)
[stacktrace]
#0 /home/lesly.alvarado/Documentos/IncorporacionBackend/vendor/laravel/framework/src/Illuminate/Database/Connection.php(767): Illuminate\\Database\\Connection->runQueryCallback()
#1 /home/lesly.alvarado/Documentos/IncorporacionBackend/vendor/laravel/framework/src/Illuminate/Database/Connection.php(560): Illuminate\\Database\\Connection->run()
#2 /home/lesly.alvarado/Documentos/IncorporacionBackend/vendor/laravel/framework/src/Illuminate/Database/Schema/Blueprint.php(109): Illuminate\\Database\\Connection->statement()
#3 /home/lesly.alvarado/Documentos/IncorporacionBackend/vendor/laravel/framework/src/Illuminate/Database/Schema/Builder.php(564): Illuminate\\Database\\Schema\\Blueprint->build()
#4 /home/lesly.alvarado/Documentos/IncorporacionBackend/vendor/laravel/framework/src/Illuminate/Database/Schema/Builder.php(418): Illuminate\\Database\\Schema\\Builder->build()
#5 /home/lesly.alvarado/Documentos/IncorporacionBackend/vendor/laravel/framework/src/Illuminate/Support/Facades/Facade.php(357): Illuminate\\Database\\Schema\\Builder->create()
#6 /home/lesly.alvarado/Documentos/IncorporacionBackend/database/migrations/2024_03_28_185945_create_logs_acciones_usuarios_table.php(15): Illuminate\\Support\\Facades\\Facade::__callStatic()
#7 /home/lesly.alvarado/Documentos/IncorporacionBackend/vendor/laravel/framework/src/Illuminate/Database/Migrations/Migrator.php(482): Illuminate\\Database\\Migrations\\Migration@anonymous->up()
#8 /home/lesly.alvarado/Documentos/IncorporacionBackend/vendor/laravel/framework/src/Illuminate/Database/Migrations/Migrator.php(408): Illuminate\\Database\\Migrations\\Migrator->runMethod()
#9 /home/lesly.alvarado/Documentos/IncorporacionBackend/vendor/laravel/framework/src/Illuminate/Database/Migrations/Migrator.php(417): Illuminate\\Database\\Migrations\\Migrator->Illuminate\\Database\\Migrations\\{closure}()
#10 /home/lesly.alvarado/Documentos/IncorporacionBackend/vendor/laravel/framework/src/Illuminate/Database/Migrations/Migrator.php(214): Illuminate\\Database\\Migrations\\Migrator->runMigration()
#11 /home/lesly.alvarado/Documentos/IncorporacionBackend/vendor/laravel/framework/src/Illuminate/Console/View/Components/Task.php(40): Illuminate\\Database\\Migrations\\Migrator->Illuminate\\Database\\Migrations\\{closure}()
#12 /home/lesly.alvarado/Documentos/IncorporacionBackend/vendor/laravel/framework/src/Illuminate/Database/Migrations/Migrator.php(745): Illuminate\\Console\\View\\Components\\Task->render()
#13 /home/lesly.alvarado/Documentos/IncorporacionBackend/vendor/laravel/framework/src/Illuminate/Database/Migrations/Migrator.php(214): Illuminate\\Database\\Migrations\\Migrator->write()
#14 /home/lesly.alvarado/Documentos/IncorporacionBackend/vendor/laravel/framework/src/Illuminate/Database/Migrations/Migrator.php(179): Illuminate\\Database\\Migrations\\Migrator->runUp()
#15 /home/lesly.alvarado/Documentos/IncorporacionBackend/vendor/laravel/framework/src/Illuminate/Database/Migrations/Migrator.php(122): Illuminate\\Database\\Migrations\\Migrator->runPending()
#16 /home/lesly.alvarado/Documentos/IncorporacionBackend/vendor/laravel/framework/src/Illuminate/Database/Console/Migrations/MigrateCommand.php(113): Illuminate\\Database\\Migrations\\Migrator->run()
#17 /home/lesly.alvarado/Documentos/IncorporacionBackend/vendor/laravel/framework/src/Illuminate/Database/Migrations/Migrator.php(622): Illuminate\\Database\\Console\\Migrations\\MigrateCommand->Illuminate\\Database\\Console\\Migrations\\{closure}()
#18 /home/lesly.alvarado/Documentos/IncorporacionBackend/vendor/laravel/framework/src/Illuminate/Database/Console/Migrations/MigrateCommand.php(106): Illuminate\\Database\\Migrations\\Migrator->usingConnection()
#19 /home/lesly.alvarado/Documentos/IncorporacionBackend/vendor/laravel/framework/src/Illuminate/Database/Console/Migrations/MigrateCommand.php(85): Illuminate\\Database\\Console\\Migrations\\MigrateCommand->runMigrations()
#20 /home/lesly.alvarado/Documentos/IncorporacionBackend/vendor/laravel/framework/src/Illuminate/Container/BoundMethod.php(36): Illuminate\\Database\\Console\\Migrations\\MigrateCommand->handle()
#21 /home/lesly.alvarado/Documentos/IncorporacionBackend/vendor/laravel/framework/src/Illuminate/Container/Util.php(41): Illuminate\\Container\\BoundMethod::Illuminate\\Container\\{closure}()
#22 /home/lesly.alvarado/Documentos/IncorporacionBackend/vendor/laravel/framework/src/Illuminate/Container/BoundMethod.php(93): Illuminate\\Container\\Util::unwrapIfClosure()
#23 /home/lesly.alvarado/Documentos/IncorporacionBackend/vendor/laravel/framework/src/Illuminate/Container/BoundMethod.php(35): Illuminate\\Container\\BoundMethod::callBoundMethod()
#24 /home/lesly.alvarado/Documentos/IncorporacionBackend/vendor/laravel/framework/src/Illuminate/Container/Container.php(662): Illuminate\\Container\\BoundMethod::call()
#25 /home/lesly.alvarado/Documentos/IncorporacionBackend/vendor/laravel/framework/src/Illuminate/Console/Command.php(212): Illuminate\\Container\\Container->call()
#26 /home/lesly.alvarado/Documentos/IncorporacionBackend/vendor/symfony/console/Command/Command.php(279): Illuminate\\Console\\Command->execute()
#27 /home/lesly.alvarado/Documentos/IncorporacionBackend/vendor/laravel/framework/src/Illuminate/Console/Command.php(181): Symfony\\Component\\Console\\Command\\Command->run()
#28 /home/lesly.alvarado/Documentos/IncorporacionBackend/vendor/symfony/console/Application.php(1049): Illuminate\\Console\\Command->run()
#29 /home/lesly.alvarado/Documentos/IncorporacionBackend/vendor/symfony/console/Application.php(318): Symfony\\Component\\Console\\Application->doRunCommand()
#30 /home/lesly.alvarado/Documentos/IncorporacionBackend/vendor/symfony/console/Application.php(169): Symfony\\Component\\Console\\Application->doRun()
#31 /home/lesly.alvarado/Documentos/IncorporacionBackend/vendor/laravel/framework/src/Illuminate/Foundation/Console/Kernel.php(196): Symfony\\Component\\Console\\Application->run()
#32 /home/lesly.alvarado/Documentos/IncorporacionBackend/vendor/laravel/framework/src/Illuminate/Foundation/Application.php(1183): Illuminate\\Foundation\\Console\\Kernel->handle()
#33 /home/lesly.alvarado/Documentos/IncorporacionBackend/artisan(13): Illuminate\\Foundation\\Application->handleCommand()
#34 {main}

[previous exception] [object] (PDOException(code: HY000): SQLSTATE[HY000]: General error: 1005 Can't create table `dde`.`logs_acciones_usuarios` (errno: 150 \"Foreign key constraint is incorrectly formed\") at /home/lesly.alvarado/Documentos/IncorporacionBackend/vendor/laravel/framework/src/Illuminate/Database/Connection.php:571)
[stacktrace]
#0 /home/lesly.alvarado/Documentos/IncorporacionBackend/vendor/laravel/framework/src/Illuminate/Database/Connection.php(571): PDOStatement->execute()
#1 /home/lesly.alvarado/Documentos/IncorporacionBackend/vendor/laravel/framework/src/Illuminate/Database/Connection.php(800): Illuminate\\Database\\Connection->Illuminate\\Database\\{closure}()
#2 /home/lesly.alvarado/Documentos/IncorporacionBackend/vendor/laravel/framework/src/Illuminate/Database/Connection.php(767): Illuminate\\Database\\Connection->runQueryCallback()
#3 /home/lesly.alvarado/Documentos/IncorporacionBackend/vendor/laravel/framework/src/Illuminate/Database/Connection.php(560): Illuminate\\Database\\Connection->run()
#4 /home/lesly.alvarado/Documentos/IncorporacionBackend/vendor/laravel/framework/src/Illuminate/Database/Schema/Blueprint.php(109): Illuminate\\Database\\Connection->statement()
#5 /home/lesly.alvarado/Documentos/IncorporacionBackend/vendor/laravel/framework/src/Illuminate/Database/Schema/Builder.php(564): Illuminate\\Database\\Schema\\Blueprint->build()
#6 /home/lesly.alvarado/Documentos/IncorporacionBackend/vendor/laravel/framework/src/Illuminate/Database/Schema/Builder.php(418): Illuminate\\Database\\Schema\\Builder->build()
#7 /home/lesly.alvarado/Documentos/IncorporacionBackend/vendor/laravel/framework/src/Illuminate/Support/Facades/Facade.php(357): Illuminate\\Database\\Schema\\Builder->create()
#8 /home/lesly.alvarado/Documentos/IncorporacionBackend/database/migrations/2024_03_28_185945_create_logs_acciones_usuarios_table.php(15): Illuminate\\Support\\Facades\\Facade::__callStatic()
#9 /home/lesly.alvarado/Documentos/IncorporacionBackend/vendor/laravel/framework/src/Illuminate/Database/Migrations/Migrator.php(482): Illuminate\\Database\\Migrations\\Migration@anonymous->up()
#10 /home/lesly.alvarado/Documentos/IncorporacionBackend/vendor/laravel/framework/src/Illuminate/Database/Migrations/Migrator.php(408): Illuminate\\Database\\Migrations\\Migrator->runMethod()
#11 /home/lesly.alvarado/Documentos/IncorporacionBackend/vendor/laravel/framework/src/Illuminate/Database/Migrations/Migrator.php(417): Illuminate\\Database\\Migrations\\Migrator->Illuminate\\Database\\Migrations\\{closure}()
#12 /home/lesly.alvarado/Documentos/IncorporacionBackend/vendor/laravel/framework/src/Illuminate/Database/Migrations/Migrator.php(214): Illuminate\\Database\\Migrations\\Migrator->runMigration()
#13 /home/lesly.alvarado/Documentos/IncorporacionBackend/vendor/laravel/framework/src/Illuminate/Console/View/Components/Task.php(40): Illuminate\\Database\\Migrations\\Migrator->Illuminate\\Database\\Migrations\\{closure}()
#14 /home/lesly.alvarado/Documentos/IncorporacionBackend/vendor/laravel/framework/src/Illuminate/Database/Migrations/Migrator.php(745): Illuminate\\Console\\View\\Components\\Task->render()
#15 /home/lesly.alvarado/Documentos/IncorporacionBackend/vendor/laravel/framework/src/Illuminate/Database/Migrations/Migrator.php(214): Illuminate\\Database\\Migrations\\Migrator->write()
#16 /home/lesly.alvarado/Documentos/IncorporacionBackend/vendor/laravel/framework/src/Illuminate/Database/Migrations/Migrator.php(179): Illuminate\\Database\\Migrations\\Migrator->runUp()
#17 /home/lesly.alvarado/Documentos/IncorporacionBackend/vendor/laravel/framework/src/Illuminate/Database/Migrations/Migrator.php(122): Illuminate\\Database\\Migrations\\Migrator->runPending()
#18 /home/lesly.alvarado/Documentos/IncorporacionBackend/vendor/laravel/framework/src/Illuminate/Database/Console/Migrations/MigrateCommand.php(113): Illuminate\\Database\\Migrations\\Migrator->run()
#19 /home/lesly.alvarado/Documentos/IncorporacionBackend/vendor/laravel/framework/src/Illuminate/Database/Migrations/Migrator.php(622): Illuminate\\Database\\Console\\Migrations\\MigrateCommand->Illuminate\\Database\\Console\\Migrations\\{closure}()
#20 /home/lesly.alvarado/Documentos/IncorporacionBackend/vendor/laravel/framework/src/Illuminate/Database/Console/Migrations/MigrateCommand.php(106): Illuminate\\Database\\Migrations\\Migrator->usingConnection()
#21 /home/lesly.alvarado/Documentos/IncorporacionBackend/vendor/laravel/framework/src/Illuminate/Database/Console/Migrations/MigrateCommand.php(85): Illuminate\\Database\\Console\\Migrations\\MigrateCommand->runMigrations()
#22 /home/lesly.alvarado/Documentos/IncorporacionBackend/vendor/laravel/framework/src/Illuminate/Container/BoundMethod.php(36): Illuminate\\Database\\Console\\Migrations\\MigrateCommand->handle()
#23 /home/lesly.alvarado/Documentos/IncorporacionBackend/vendor/laravel/framework/src/Illuminate/Container/Util.php(41): Illuminate\\Container\\BoundMethod::Illuminate\\Container\\{closure}()
#24 /home/lesly.alvarado/Documentos/IncorporacionBackend/vendor/laravel/framework/src/Illuminate/Container/BoundMethod.php(93): Illuminate\\Container\\Util::unwrapIfClosure()
#25 /home/lesly.alvarado/Documentos/IncorporacionBackend/vendor/laravel/framework/src/Illuminate/Container/BoundMethod.php(35): Illuminate\\Container\\BoundMethod::callBoundMethod()
#26 /home/lesly.alvarado/Documentos/IncorporacionBackend/vendor/laravel/framework/src/Illuminate/Container/Container.php(662): Illuminate\\Container\\BoundMethod::call()
#27 /home/lesly.alvarado/Documentos/IncorporacionBackend/vendor/laravel/framework/src/Illuminate/Console/Command.php(212): Illuminate\\Container\\Container->call()
#28 /home/lesly.alvarado/Documentos/IncorporacionBackend/vendor/symfony/console/Command/Command.php(279): Illuminate\\Console\\Command->execute()
#29 /home/lesly.alvarado/Documentos/IncorporacionBackend/vendor/laravel/framework/src/Illuminate/Console/Command.php(181): Symfony\\Component\\Console\\Command\\Command->run()
#30 /home/lesly.alvarado/Documentos/IncorporacionBackend/vendor/symfony/console/Application.php(1049): Illuminate\\Console\\Command->run()
#31 /home/lesly.alvarado/Documentos/IncorporacionBackend/vendor/symfony/console/Application.php(318): Symfony\\Component\\Console\\Application->doRunCommand()
#32 /home/lesly.alvarado/Documentos/IncorporacionBackend/vendor/symfony/console/Application.php(169): Symfony\\Component\\Console\\Application->doRun()
#33 /home/lesly.alvarado/Documentos/IncorporacionBackend/vendor/laravel/framework/src/Illuminate/Foundation/Console/Kernel.php(196): Symfony\\Component\\Console\\Application->run()
#34 /home/lesly.alvarado/Documentos/IncorporacionBackend/vendor/laravel/framework/src/Illuminate/Foundation/Application.php(1183): Illuminate\\Foundation\\Console\\Kernel->handle()
#35 /home/lesly.alvarado/Documentos/IncorporacionBackend/artisan(13): Illuminate\\Foundation\\Application->handleCommand()
#36 {main}
"} 
[2024-03-28 20:07:40] local.ERROR: SQLSTATE[42S21]: Column already exists: 1060 Duplicate column name 'usuario_id' (Connection: mysql, SQL: create table `logs_acciones_usuarios` (`id` bigint unsigned not null auto_increment primary key, `nombre_vista` varchar(255) null, `accion` varchar(255) null, `usuario_id` bigint unsigned not null, `fecha_hora` timestamp not null default CURRENT_TIMESTAMP, `usuario_id` bigint unsigned null, `created_at` timestamp null, `updated_at` timestamp null) default character set utf8mb4 collate 'utf8mb4_unicode_ci') {"exception":"[object] (Illuminate\\Database\\QueryException(code: 42S21): SQLSTATE[42S21]: Column already exists: 1060 Duplicate column name 'usuario_id' (Connection: mysql, SQL: create table `logs_acciones_usuarios` (`id` bigint unsigned not null auto_increment primary key, `nombre_vista` varchar(255) null, `accion` varchar(255) null, `usuario_id` bigint unsigned not null, `fecha_hora` timestamp not null default CURRENT_TIMESTAMP, `usuario_id` bigint unsigned null, `created_at` timestamp null, `updated_at` timestamp null) default character set utf8mb4 collate 'utf8mb4_unicode_ci') at /home/lesly.alvarado/Documentos/IncorporacionBackend/vendor/laravel/framework/src/Illuminate/Database/Connection.php:813)
[stacktrace]
#0 /home/lesly.alvarado/Documentos/IncorporacionBackend/vendor/laravel/framework/src/Illuminate/Database/Connection.php(767): Illuminate\\Database\\Connection->runQueryCallback()
#1 /home/lesly.alvarado/Documentos/IncorporacionBackend/vendor/laravel/framework/src/Illuminate/Database/Connection.php(560): Illuminate\\Database\\Connection->run()
#2 /home/lesly.alvarado/Documentos/IncorporacionBackend/vendor/laravel/framework/src/Illuminate/Database/Schema/Blueprint.php(109): Illuminate\\Database\\Connection->statement()
#3 /home/lesly.alvarado/Documentos/IncorporacionBackend/vendor/laravel/framework/src/Illuminate/Database/Schema/Builder.php(564): Illuminate\\Database\\Schema\\Blueprint->build()
#4 /home/lesly.alvarado/Documentos/IncorporacionBackend/vendor/laravel/framework/src/Illuminate/Database/Schema/Builder.php(418): Illuminate\\Database\\Schema\\Builder->build()
#5 /home/lesly.alvarado/Documentos/IncorporacionBackend/vendor/laravel/framework/src/Illuminate/Support/Facades/Facade.php(357): Illuminate\\Database\\Schema\\Builder->create()
#6 /home/lesly.alvarado/Documentos/IncorporacionBackend/database/migrations/2024_03_28_185945_create_logs_acciones_usuarios_table.php(15): Illuminate\\Support\\Facades\\Facade::__callStatic()
#7 /home/lesly.alvarado/Documentos/IncorporacionBackend/vendor/laravel/framework/src/Illuminate/Database/Migrations/Migrator.php(482): Illuminate\\Database\\Migrations\\Migration@anonymous->up()
#8 /home/lesly.alvarado/Documentos/IncorporacionBackend/vendor/laravel/framework/src/Illuminate/Database/Migrations/Migrator.php(408): Illuminate\\Database\\Migrations\\Migrator->runMethod()
#9 /home/lesly.alvarado/Documentos/IncorporacionBackend/vendor/laravel/framework/src/Illuminate/Database/Migrations/Migrator.php(417): Illuminate\\Database\\Migrations\\Migrator->Illuminate\\Database\\Migrations\\{closure}()
#10 /home/lesly.alvarado/Documentos/IncorporacionBackend/vendor/laravel/framework/src/Illuminate/Database/Migrations/Migrator.php(214): Illuminate\\Database\\Migrations\\Migrator->runMigration()
#11 /home/lesly.alvarado/Documentos/IncorporacionBackend/vendor/laravel/framework/src/Illuminate/Console/View/Components/Task.php(40): Illuminate\\Database\\Migrations\\Migrator->Illuminate\\Database\\Migrations\\{closure}()
#12 /home/lesly.alvarado/Documentos/IncorporacionBackend/vendor/laravel/framework/src/Illuminate/Database/Migrations/Migrator.php(745): Illuminate\\Console\\View\\Components\\Task->render()
#13 /home/lesly.alvarado/Documentos/IncorporacionBackend/vendor/laravel/framework/src/Illuminate/Database/Migrations/Migrator.php(214): Illuminate\\Database\\Migrations\\Migrator->write()
#14 /home/lesly.alvarado/Documentos/IncorporacionBackend/vendor/laravel/framework/src/Illuminate/Database/Migrations/Migrator.php(179): Illuminate\\Database\\Migrations\\Migrator->runUp()
#15 /home/lesly.alvarado/Documentos/IncorporacionBackend/vendor/laravel/framework/src/Illuminate/Database/Migrations/Migrator.php(122): Illuminate\\Database\\Migrations\\Migrator->runPending()
#16 /home/lesly.alvarado/Documentos/IncorporacionBackend/vendor/laravel/framework/src/Illuminate/Database/Console/Migrations/MigrateCommand.php(113): Illuminate\\Database\\Migrations\\Migrator->run()
#17 /home/lesly.alvarado/Documentos/IncorporacionBackend/vendor/laravel/framework/src/Illuminate/Database/Migrations/Migrator.php(622): Illuminate\\Database\\Console\\Migrations\\MigrateCommand->Illuminate\\Database\\Console\\Migrations\\{closure}()
#18 /home/lesly.alvarado/Documentos/IncorporacionBackend/vendor/laravel/framework/src/Illuminate/Database/Console/Migrations/MigrateCommand.php(106): Illuminate\\Database\\Migrations\\Migrator->usingConnection()
#19 /home/lesly.alvarado/Documentos/IncorporacionBackend/vendor/laravel/framework/src/Illuminate/Database/Console/Migrations/MigrateCommand.php(85): Illuminate\\Database\\Console\\Migrations\\MigrateCommand->runMigrations()
#20 /home/lesly.alvarado/Documentos/IncorporacionBackend/vendor/laravel/framework/src/Illuminate/Container/BoundMethod.php(36): Illuminate\\Database\\Console\\Migrations\\MigrateCommand->handle()
#21 /home/lesly.alvarado/Documentos/IncorporacionBackend/vendor/laravel/framework/src/Illuminate/Container/Util.php(41): Illuminate\\Container\\BoundMethod::Illuminate\\Container\\{closure}()
#22 /home/lesly.alvarado/Documentos/IncorporacionBackend/vendor/laravel/framework/src/Illuminate/Container/BoundMethod.php(93): Illuminate\\Container\\Util::unwrapIfClosure()
#23 /home/lesly.alvarado/Documentos/IncorporacionBackend/vendor/laravel/framework/src/Illuminate/Container/BoundMethod.php(35): Illuminate\\Container\\BoundMethod::callBoundMethod()
#24 /home/lesly.alvarado/Documentos/IncorporacionBackend/vendor/laravel/framework/src/Illuminate/Container/Container.php(662): Illuminate\\Container\\BoundMethod::call()
#25 /home/lesly.alvarado/Documentos/IncorporacionBackend/vendor/laravel/framework/src/Illuminate/Console/Command.php(212): Illuminate\\Container\\Container->call()
#26 /home/lesly.alvarado/Documentos/IncorporacionBackend/vendor/symfony/console/Command/Command.php(279): Illuminate\\Console\\Command->execute()
#27 /home/lesly.alvarado/Documentos/IncorporacionBackend/vendor/laravel/framework/src/Illuminate/Console/Command.php(181): Symfony\\Component\\Console\\Command\\Command->run()
#28 /home/lesly.alvarado/Documentos/IncorporacionBackend/vendor/symfony/console/Application.php(1049): Illuminate\\Console\\Command->run()
#29 /home/lesly.alvarado/Documentos/IncorporacionBackend/vendor/symfony/console/Application.php(318): Symfony\\Component\\Console\\Application->doRunCommand()
#30 /home/lesly.alvarado/Documentos/IncorporacionBackend/vendor/symfony/console/Application.php(169): Symfony\\Component\\Console\\Application->doRun()
#31 /home/lesly.alvarado/Documentos/IncorporacionBackend/vendor/laravel/framework/src/Illuminate/Foundation/Console/Kernel.php(196): Symfony\\Component\\Console\\Application->run()
#32 /home/lesly.alvarado/Documentos/IncorporacionBackend/vendor/laravel/framework/src/Illuminate/Foundation/Application.php(1183): Illuminate\\Foundation\\Console\\Kernel->handle()
#33 /home/lesly.alvarado/Documentos/IncorporacionBackend/artisan(13): Illuminate\\Foundation\\Application->handleCommand()
#34 {main}

[previous exception] [object] (PDOException(code: 42S21): SQLSTATE[42S21]: Column already exists: 1060 Duplicate column name 'usuario_id' at /home/lesly.alvarado/Documentos/IncorporacionBackend/vendor/laravel/framework/src/Illuminate/Database/Connection.php:571)
[stacktrace]
#0 /home/lesly.alvarado/Documentos/IncorporacionBackend/vendor/laravel/framework/src/Illuminate/Database/Connection.php(571): PDOStatement->execute()
#1 /home/lesly.alvarado/Documentos/IncorporacionBackend/vendor/laravel/framework/src/Illuminate/Database/Connection.php(800): Illuminate\\Database\\Connection->Illuminate\\Database\\{closure}()
#2 /home/lesly.alvarado/Documentos/IncorporacionBackend/vendor/laravel/framework/src/Illuminate/Database/Connection.php(767): Illuminate\\Database\\Connection->runQueryCallback()
#3 /home/lesly.alvarado/Documentos/IncorporacionBackend/vendor/laravel/framework/src/Illuminate/Database/Connection.php(560): Illuminate\\Database\\Connection->run()
#4 /home/lesly.alvarado/Documentos/IncorporacionBackend/vendor/laravel/framework/src/Illuminate/Database/Schema/Blueprint.php(109): Illuminate\\Database\\Connection->statement()
#5 /home/lesly.alvarado/Documentos/IncorporacionBackend/vendor/laravel/framework/src/Illuminate/Database/Schema/Builder.php(564): Illuminate\\Database\\Schema\\Blueprint->build()
#6 /home/lesly.alvarado/Documentos/IncorporacionBackend/vendor/laravel/framework/src/Illuminate/Database/Schema/Builder.php(418): Illuminate\\Database\\Schema\\Builder->build()
#7 /home/lesly.alvarado/Documentos/IncorporacionBackend/vendor/laravel/framework/src/Illuminate/Support/Facades/Facade.php(357): Illuminate\\Database\\Schema\\Builder->create()
#8 /home/lesly.alvarado/Documentos/IncorporacionBackend/database/migrations/2024_03_28_185945_create_logs_acciones_usuarios_table.php(15): Illuminate\\Support\\Facades\\Facade::__callStatic()
#9 /home/lesly.alvarado/Documentos/IncorporacionBackend/vendor/laravel/framework/src/Illuminate/Database/Migrations/Migrator.php(482): Illuminate\\Database\\Migrations\\Migration@anonymous->up()
#10 /home/lesly.alvarado/Documentos/IncorporacionBackend/vendor/laravel/framework/src/Illuminate/Database/Migrations/Migrator.php(408): Illuminate\\Database\\Migrations\\Migrator->runMethod()
#11 /home/lesly.alvarado/Documentos/IncorporacionBackend/vendor/laravel/framework/src/Illuminate/Database/Migrations/Migrator.php(417): Illuminate\\Database\\Migrations\\Migrator->Illuminate\\Database\\Migrations\\{closure}()
#12 /home/lesly.alvarado/Documentos/IncorporacionBackend/vendor/laravel/framework/src/Illuminate/Database/Migrations/Migrator.php(214): Illuminate\\Database\\Migrations\\Migrator->runMigration()
#13 /home/lesly.alvarado/Documentos/IncorporacionBackend/vendor/laravel/framework/src/Illuminate/Console/View/Components/Task.php(40): Illuminate\\Database\\Migrations\\Migrator->Illuminate\\Database\\Migrations\\{closure}()
#14 /home/lesly.alvarado/Documentos/IncorporacionBackend/vendor/laravel/framework/src/Illuminate/Database/Migrations/Migrator.php(745): Illuminate\\Console\\View\\Components\\Task->render()
#15 /home/lesly.alvarado/Documentos/IncorporacionBackend/vendor/laravel/framework/src/Illuminate/Database/Migrations/Migrator.php(214): Illuminate\\Database\\Migrations\\Migrator->write()
#16 /home/lesly.alvarado/Documentos/IncorporacionBackend/vendor/laravel/framework/src/Illuminate/Database/Migrations/Migrator.php(179): Illuminate\\Database\\Migrations\\Migrator->runUp()
#17 /home/lesly.alvarado/Documentos/IncorporacionBackend/vendor/laravel/framework/src/Illuminate/Database/Migrations/Migrator.php(122): Illuminate\\Database\\Migrations\\Migrator->runPending()
#18 /home/lesly.alvarado/Documentos/IncorporacionBackend/vendor/laravel/framework/src/Illuminate/Database/Console/Migrations/MigrateCommand.php(113): Illuminate\\Database\\Migrations\\Migrator->run()
#19 /home/lesly.alvarado/Documentos/IncorporacionBackend/vendor/laravel/framework/src/Illuminate/Database/Migrations/Migrator.php(622): Illuminate\\Database\\Console\\Migrations\\MigrateCommand->Illuminate\\Database\\Console\\Migrations\\{closure}()
#20 /home/lesly.alvarado/Documentos/IncorporacionBackend/vendor/laravel/framework/src/Illuminate/Database/Console/Migrations/MigrateCommand.php(106): Illuminate\\Database\\Migrations\\Migrator->usingConnection()
#21 /home/lesly.alvarado/Documentos/IncorporacionBackend/vendor/laravel/framework/src/Illuminate/Database/Console/Migrations/MigrateCommand.php(85): Illuminate\\Database\\Console\\Migrations\\MigrateCommand->runMigrations()
#22 /home/lesly.alvarado/Documentos/IncorporacionBackend/vendor/laravel/framework/src/Illuminate/Container/BoundMethod.php(36): Illuminate\\Database\\Console\\Migrations\\MigrateCommand->handle()
#23 /home/lesly.alvarado/Documentos/IncorporacionBackend/vendor/laravel/framework/src/Illuminate/Container/Util.php(41): Illuminate\\Container\\BoundMethod::Illuminate\\Container\\{closure}()
#24 /home/lesly.alvarado/Documentos/IncorporacionBackend/vendor/laravel/framework/src/Illuminate/Container/BoundMethod.php(93): Illuminate\\Container\\Util::unwrapIfClosure()
#25 /home/lesly.alvarado/Documentos/IncorporacionBackend/vendor/laravel/framework/src/Illuminate/Container/BoundMethod.php(35): Illuminate\\Container\\BoundMethod::callBoundMethod()
#26 /home/lesly.alvarado/Documentos/IncorporacionBackend/vendor/laravel/framework/src/Illuminate/Container/Container.php(662): Illuminate\\Container\\BoundMethod::call()
#27 /home/lesly.alvarado/Documentos/IncorporacionBackend/vendor/laravel/framework/src/Illuminate/Console/Command.php(212): Illuminate\\Container\\Container->call()
#28 /home/lesly.alvarado/Documentos/IncorporacionBackend/vendor/symfony/console/Command/Command.php(279): Illuminate\\Console\\Command->execute()
#29 /home/lesly.alvarado/Documentos/IncorporacionBackend/vendor/laravel/framework/src/Illuminate/Console/Command.php(181): Symfony\\Component\\Console\\Command\\Command->run()
#30 /home/lesly.alvarado/Documentos/IncorporacionBackend/vendor/symfony/console/Application.php(1049): Illuminate\\Console\\Command->run()
#31 /home/lesly.alvarado/Documentos/IncorporacionBackend/vendor/symfony/console/Application.php(318): Symfony\\Component\\Console\\Application->doRunCommand()
#32 /home/lesly.alvarado/Documentos/IncorporacionBackend/vendor/symfony/console/Application.php(169): Symfony\\Component\\Console\\Application->doRun()
#33 /home/lesly.alvarado/Documentos/IncorporacionBackend/vendor/laravel/framework/src/Illuminate/Foundation/Console/Kernel.php(196): Symfony\\Component\\Console\\Application->run()
#34 /home/lesly.alvarado/Documentos/IncorporacionBackend/vendor/laravel/framework/src/Illuminate/Foundation/Application.php(1183): Illuminate\\Foundation\\Console\\Kernel->handle()
#35 /home/lesly.alvarado/Documentos/IncorporacionBackend/artisan(13): Illuminate\\Foundation\\Application->handleCommand()
#36 {main}
"} 
